<?xml version="1.0" encoding="UTF-8"?>
<testsuite name="com.narrapay.data.remote.repository.PluggyNetworkRepositoryTest" tests="2" skipped="0" failures="0" errors="0" timestamp="2026-09-14T03:10:02.165Z" hostname="DESKTOP_NITRO5" time="2.178">
  <properties/>
  <testcase name="deve_retornar_failure_quando_api_retornar_http_500" classname="com.narrapay.data.remote.repository.PluggyNetworkRepositoryTest" time="2.167"/>
  <testcase name="deve_retornar_failure_quando_nao_houver_internet" classname="com.narrapay.data.remote.repository.PluggyNetworkRepositoryTest" time="0.009"/>
  <system-out><![CDATA[]]></system-out>
  <system-err><![CDATA[WARNING: A Java agent has been loaded dynamically (C:\Users\gabrielbm\.gradle\caches\8.13\transforms\7eb23ec62ade9f1253c81aea8e9bc0e5\transformed\jetified-byte-buddy-agent-1.14.6.jar)
WARNING: If a serviceability tool is in use, please run with -XX:+EnableDynamicAgentLoading to hide this warning
WARNING: If a serviceability tool is not in use, please run with -Djdk.instrument.traceUsage for more information
WARNING: Dynamic loading of agents will be disallowed by default in a future release
]]></system-err>
</testsuite>
