<?xml version="1.0" encoding="UTF-8"?>
<testsuite name="com.narrapay.domain.usecase.ProcessarTransacaoPluggyUseCaseTest" tests="2" skipped="0" failures="0" errors="0" timestamp="2026-09-14T03:10:04.590Z" hostname="DESKTOP_NITRO5" time="0.355">
  <properties/>
  <testcase name="deve_salvar_com_categoria_nula_quando_nenhuma_regra_der_match" classname="com.narrapay.domain.usecase.ProcessarTransacaoPluggyUseCaseTest" time="0.345"/>
  <testcase name="deve_associar_categoria_ignorando_case_do_texto" classname="com.narrapay.domain.usecase.ProcessarTransacaoPluggyUseCaseTest" time="0.01"/>
  <system-out><![CDATA[]]></system-out>
  <system-err><![CDATA[]]></system-err>
</testsuite>
